<?xml version="1.0" encoding="UTF-8"?>
<!-- Generated by org.testng.reporters.JUnitReportReporter -->
<testsuite hostname="DESKTOP-6RLRDCV" failures="0" tests="1" name="TestCase" time="0.016" errors="0" timestamp="2022-07-07T18:34:27 IST" skipped="0">
  <testcase classname="TestCase" name="aa" time="0.016"/>
  <system-out/>
</testsuite> <!-- TestCase -->
